E:\Learn\MdbSwap\MdbSwap\Debug\cl.command.1.tlog
E:\Learn\MdbSwap\MdbSwap\Debug\CL.read.1.tlog
E:\Learn\MdbSwap\MdbSwap\Debug\CL.write.1.tlog
E:\Learn\MdbSwap\MdbSwap\Debug\custombuild.command.1.tlog
E:\Learn\MdbSwap\MdbSwap\Debug\custombuild.read.1.tlog
E:\Learn\MdbSwap\MdbSwap\Debug\custombuild.write.1.tlog
E:\Learn\MdbSwap\MdbSwap\Debug\link.command.1.tlog
E:\Learn\MdbSwap\MdbSwap\Debug\link.read.1.tlog
E:\Learn\MdbSwap\MdbSwap\Debug\link.write.1.tlog
E:\Learn\MdbSwap\MdbSwap\Debug\link-cvtres.read.1.tlog
E:\Learn\MdbSwap\MdbSwap\Debug\link-cvtres.write.1.tlog
E:\LEARN\MDBSWAP\MDBSWAP\DEBUG\MAIN.OBJ
E:\LEARN\MDBSWAP\MDBSWAP\DEBUG\MDBSWAP.EXE.INTERMEDIATE.MANIFEST
E:\LEARN\MDBSWAP\MDBSWAP\DEBUG\MDBSWAP.OBJ
E:\LEARN\MDBSWAP\MDBSWAP\DEBUG\MDBSWAP.PCH
E:\LEARN\MDBSWAP\MDBSWAP\DEBUG\MDBSWAP.RES
E:\Learn\MdbSwap\MdbSwap\Debug\MdbSwap.vcxprojResolveAssemblyReference.cache
E:\Learn\MdbSwap\MdbSwap\Debug\MdbSwap.write.1.tlog
E:\LEARN\MDBSWAP\MDBSWAP\DEBUG\MOC_MDBSWAP.OBJ
E:\Learn\MdbSwap\MdbSwap\Debug\mt.command.1.tlog
E:\Learn\MdbSwap\MdbSwap\Debug\mt.read.1.tlog
E:\Learn\MdbSwap\MdbSwap\Debug\mt.write.1.tlog
E:\LEARN\MDBSWAP\MDBSWAP\DEBUG\QRC_MDBSWAP.OBJ
E:\Learn\MdbSwap\MdbSwap\Debug\rc.command.1.tlog
E:\Learn\MdbSwap\MdbSwap\Debug\rc.read.1.tlog
E:\Learn\MdbSwap\MdbSwap\Debug\rc.write.1.tlog
E:\LEARN\MDBSWAP\MDBSWAP\DEBUG\STDAFX.OBJ
E:\LEARN\MDBSWAP\MDBSWAP\DEBUG\SWAPOP.OBJ
E:\LEARN\MDBSWAP\MDBSWAP\DEBUG\VC100.PDB
E:\LEARN\MDBSWAP\MDBSWAP\GENERATEDFILES\DEBUG\MOC_MDBSWAP.CPP
E:\LEARN\MDBSWAP\MDBSWAP\GENERATEDFILES\QRC_MDBSWAP.CPP
E:\LEARN\MDBSWAP\MDBSWAP\GENERATEDFILES\UI_MDBSWAP.H
E:\LEARN\MDBSWAP\WIN32\DEBUG\MDBSWAP.EXE
E:\LEARN\MDBSWAP\WIN32\DEBUG\MDBSWAP.ILK
E:\LEARN\MDBSWAP\WIN32\DEBUG\MDBSWAP.PDB
