生成启动时间为 2018/1/4 15:02:20。
     1>项目“E:\Learn\MdbSwap\MdbSwap\MdbSwap.vcxproj”在节点 2 上(build 个目标)。
     1>InitializeBuildStatus:
         正在创建“x64\Debug\MdbSwap.unsuccessfulbuild”，因为已指定“AlwaysCreate”。
       CustomBuild:
         所有输出均为最新。
       ClCompile:
         所有输出均为最新。
         D:\Visual Studio 2010\VC\bin\x86_amd64\CL.exe /c /I.\GeneratedFiles /I. /ID:\Qt\Qt5.0.0\5.0.0\msvc2010_x64\include /I.\GeneratedFiles\Debug /ID:\Qt\Qt5.0.0\5.0.0\msvc2010_x64\include\QtCore /ID:\Qt\Qt5.0.0\5.0.0\msvc2010_x64\include\QtGui /ID:\Qt\Qt5.0.0\5.0.0\msvc2010_x64\include\QtQml /ID:\Qt\Qt5.0.0\5.0.0\msvc2010_x64\include\QtQuick /ID:\Qt\Qt5.0.0\5.0.0\msvc2010_x64\include\QtSql /ID:\Qt\Qt5.0.0\5.0.0\msvc2010_x64\include\QtWidgets /ID:\Qt\Qt5.0.0\5.0.0\msvc2010_x64\include\QtXml /Zi /nologo /W1 /WX- /Od /D WIN64STATIC /D UNICODE /D WIN32 /D QT_DLL /D QT_CORE_LIB /D QT_GUI_LIB /D QT_QML_LIB /D QT_QUICK_LIB /D QT_SQL_LIB /D QT_WIDGETS_LIB /D QT_XML_LIB /Gm- /EHsc /MDd /GS /fp:precise /Zc:wchar_t /Zc:forScope /Yu"stdafx.h" /Fp"x64\Debug\MdbSwap.pch" /Fo"x64\Debug\\" /Fd"x64\Debug\vc100.pdb" /Gd /TP /errorReport:prompt GeneratedFiles\Debug\moc_mdbswap.cpp SwapOp.cpp main.cpp mdbswap.cpp
         moc_mdbswap.cpp
         SwapOp.cpp
     1>SwapOp.cpp(103): warning C4482: 使用了非标准扩展: 限定名中使用了枚举“QVariant::Type”
     1>SwapOp.cpp(110): warning C4482: 使用了非标准扩展: 限定名中使用了枚举“QVariant::Type”
     1>SwapOp.cpp(144): warning C4482: 使用了非标准扩展: 限定名中使用了枚举“QVariant::Type”
     1>SwapOp.cpp(150): warning C4482: 使用了非标准扩展: 限定名中使用了枚举“QVariant::Type”
         main.cpp
         mdbswap.cpp
         Generating Code...
         D:\Visual Studio 2010\VC\bin\x86_amd64\CL.exe /c /I.\GeneratedFiles /I. /ID:\Qt\Qt5.0.0\5.0.0\msvc2010_x64\include /I.\GeneratedFiles\Debug /ID:\Qt\Qt5.0.0\5.0.0\msvc2010_x64\include\QtCore /ID:\Qt\Qt5.0.0\5.0.0\msvc2010_x64\include\QtGui /ID:\Qt\Qt5.0.0\5.0.0\msvc2010_x64\include\QtQml /ID:\Qt\Qt5.0.0\5.0.0\msvc2010_x64\include\QtQuick /ID:\Qt\Qt5.0.0\5.0.0\msvc2010_x64\include\QtSql /ID:\Qt\Qt5.0.0\5.0.0\msvc2010_x64\include\QtWidgets /ID:\Qt\Qt5.0.0\5.0.0\msvc2010_x64\include\QtXml /Zi /nologo /W1 /WX- /Od /D WIN64STATIC /D UNICODE /D WIN32 /D QT_DLL /D QT_CORE_LIB /D QT_GUI_LIB /D QT_QML_LIB /D QT_QUICK_LIB /D QT_SQL_LIB /D QT_WIDGETS_LIB /D QT_XML_LIB /Gm- /EHsc /MDd /GS /fp:precise /Zc:wchar_t /Zc:forScope /Fo"x64\Debug\\" /Fd"x64\Debug\vc100.pdb" /Gd /TP /errorReport:prompt GeneratedFiles\qrc_mdbswap.cpp
         qrc_mdbswap.cpp
       ResourceCompile:
         所有输出均为最新。
       Link:
         D:\Visual Studio 2010\VC\bin\x86_amd64\link.exe /ERRORREPORT:PROMPT /OUT:"E:\Learn\MdbSwap\x64\Debug\\MdbSwap.exe" /NOLOGO /LIBPATH:D:\Qt\Qt5.0.0\5.0.0\msvc2010_x64\lib /LIBPATH:D:\Qt\Qt5.0.0\5.0.0\msvc2010_x64\plugins\platforms /LIBPATH:D:\Qt\Qt5.0.0\5.0.0\msvc2010_x64\plugins\sqldrivers qtmaind.lib Qt5Cored.lib Qt5Guid.lib Qt5Sqld.lib Qt5Widgetsd.lib Qt5Xmld.lib Qt5XmlPatternsd.lib imm32.lib winmm.lib Ws2_32.lib opengl32.lib Qt5PlatformSupportd.lib qsqlodbcd.lib kernel32.lib user32.lib gdi32.lib winspool.lib comdlg32.lib advapi32.lib shell32.lib ole32.lib oleaut32.lib uuid.lib odbc32.lib odbccp32.lib /MANIFEST /ManifestFile:"x64\Debug\MdbSwap.exe.intermediate.manifest" /MANIFESTUAC:"level='asInvoker' uiAccess='false'" /DEBUG /PDB:"E:\Learn\MdbSwap\x64\Debug\MdbSwap.pdb" /SUBSYSTEM:WINDOWS /TLBID:1 /DYNAMICBASE /NXCOMPAT /IMPLIB:"E:\Learn\MdbSwap\x64\Debug\MdbSwap.lib" /MACHINE:X64 x64\Debug\MdbSwap.res
         x64\Debug\moc_mdbswap.obj
         x64\Debug\qrc_mdbswap.obj
         x64\Debug\main.obj
         x64\Debug\mdbswap.obj
         x64\Debug\stdafx.obj
         x64\Debug\SwapOp.obj
         LINK : 没有找到 E:\Learn\MdbSwap\x64\Debug\\MdbSwap.exe 或上一个增量链接没有生成它；正在执行完全链接
            正在创建库 E:\Learn\MdbSwap\x64\Debug\MdbSwap.lib 和对象 E:\Learn\MdbSwap\x64\Debug\MdbSwap.exp
         MdbSwap.vcxproj -> E:\Learn\MdbSwap\x64\Debug\MdbSwap.exe
       Manifest:
         C:\Program Files (x86)\Microsoft SDKs\Windows\v7.0A\bin\mt.exe /nologo /verbose /outputresource:"E:\Learn\MdbSwap\x64\Debug\\MdbSwap.exe;#1" /manifest x64\Debug\MdbSwap.exe.intermediate.manifest
       FinalizeBuildStatus:
         正在删除文件“x64\Debug\MdbSwap.unsuccessfulbuild”。
         正在对“x64\Debug\MdbSwap.lastbuildstate”执行 Touch 任务。
     1>已完成生成项目“E:\Learn\MdbSwap\MdbSwap\MdbSwap.vcxproj”(build 个目标)的操作。

生成成功。

已用时间 00:00:09.20
